2023-11-24 08:56:36 [7@glpi]
Um e-mail para leewan.meneses@outlook.com.br foi adicionado à fila: [GLPI] Sua requisição foi salva
2023-11-24 08:56:36 [7@glpi]
Um e-mail para leewan.meneses@outlook.com.br foi adicionado à fila: [GLPI #2311240001] Novo chamado SUPORTE | Equipamentos > Computadores > Notebook
2023-11-24 09:02:28 [2@glpi]
Um e-mail para leewan.meneses@outlook.com.br foi adicionado à fila: [GLPI #2311240001] Novo acompanhamento SUPORTE | Equipamentos > Computadores > Notebook
2023-11-24 09:05:38 [2@glpi]
Um e-mail para leewan.meneses@outlook.com.br foi adicionado à fila: [GLPI #2311240001] Chamado solucionado SUPORTE | Equipamentos > Computadores > Notebook
2023-12-27 10:20:01 [@glpi]
Um e-mail para leewan.meneses@outlook.com.br foi adicionado à fila: [GLPI] Senha expira
2023-12-27 10:20:01 [@glpi]
Um e-mail para leewan.asp@gmail.com foi adicionado à fila: [GLPI] Senha expira
2023-12-28 10:20:02 [@glpi]
Um e-mail para leewan.meneses@outlook.com.br foi adicionado à fila: [GLPI] Senha expira
2023-12-28 10:20:02 [@glpi]
Um e-mail para leewan.asp@gmail.com foi adicionado à fila: [GLPI] Senha expira
2023-12-29 10:52:38 [@glpi]
Um e-mail para leewan.meneses@outlook.com.br foi adicionado à fila: [GLPI] Senha expira
2023-12-29 10:52:39 [@glpi]
Um e-mail para leewan.asp@gmail.com foi adicionado à fila: [GLPI] Senha expira
2024-01-02 08:24:19 [@glpi]
Um e-mail para leewan.meneses@outlook.com.br foi adicionado à fila: [GLPI] Senha expira
2024-01-02 08:24:19 [@glpi]
Um e-mail para leewan.asp@gmail.com foi adicionado à fila: [GLPI] Senha expira
2024-01-04 09:26:39 [@glpi]
Um e-mail para leewan.meneses@outlook.com.br foi adicionado à fila: [GLPI] Senha expira
2024-01-04 09:26:39 [@glpi]
Um e-mail para leewan.asp@gmail.com foi adicionado à fila: [GLPI] Senha expira
2024-01-06 21:00:44 [@glpi]
Um e-mail para leewan.meneses@outlook.com.br foi adicionado à fila: [GLPI] Senha expira
2024-01-06 21:00:44 [@glpi]
Um e-mail para leewan.asp@gmail.com foi adicionado à fila: [GLPI] Senha expira
2024-01-06 21:07:38 [@glpi]
Um e-mail foi enviado para leewan.meneses@outlook.com.br: [GLPI] Sua requisição foi salva
2024-01-06 21:07:43 [@glpi]
Um e-mail foi enviado para leewan.meneses@outlook.com.br: [GLPI #2311240001] Novo chamado SUPORTE | Equipamentos > Computadores > Notebook
2024-01-06 21:07:48 [@glpi]
Um e-mail foi enviado para leewan.meneses@outlook.com.br: [GLPI #2311240001] Novo acompanhamento SUPORTE | Equipamentos > Computadores > Notebook
2024-01-06 21:07:52 [@glpi]
Um e-mail foi enviado para leewan.meneses@outlook.com.br: [GLPI #2311240001] Chamado solucionado SUPORTE | Equipamentos > Computadores > Notebook
2024-01-06 21:07:57 [@glpi]
Um e-mail foi enviado para leewan.meneses@outlook.com.br: [GLPI] Senha expira
2024-01-06 21:08:02 [@glpi]
Um e-mail foi enviado para leewan.asp@gmail.com: [GLPI] Senha expira
2024-01-07 22:30:02 [@glpi]
Um e-mail para leewan.meneses@outlook.com.br foi adicionado à fila: [GLPI] Senha expira
2024-01-07 22:30:02 [@glpi]
Um e-mail para leewan.asp@gmail.com foi adicionado à fila: [GLPI] Senha expira
2024-01-08 23:12:02 [@glpi]
Um e-mail para leewan.meneses@outlook.com.br foi adicionado à fila: [GLPI] Senha expira
2024-01-08 23:12:02 [@glpi]
Um e-mail para leewan.asp@gmail.com foi adicionado à fila: [GLPI] Senha expira
